<?xml version="1.0" encoding="UTF-8"?>
<coverage generated="1619354680438" clover="3.2.0">
  <project timestamp="1619354680438" name="All files">
    <metrics statements="20" coveredstatements="20" conditionals="4" coveredconditionals="4" methods="7" coveredmethods="7" elements="31" coveredelements="31" complexity="0" loc="20" ncloc="20" packages="1" files="1" classes="1"/>
    <file name="functions.js" path="C:\Users\Karen\Desktop\Week_12_QA\functions.js">
      <metrics statements="20" coveredstatements="20" conditionals="4" coveredconditionals="4" methods="7" coveredmethods="7"/>
      <line num="3" count="1" type="stmt"/>
      <line num="4" count="1" type="stmt"/>
      <line num="9" count="1" type="stmt"/>
      <line num="10" count="1" type="stmt"/>
      <line num="15" count="1" type="stmt"/>
      <line num="16" count="1" type="stmt"/>
      <line num="21" count="1" type="stmt"/>
      <line num="22" count="1" type="stmt"/>
      <line num="27" count="1" type="stmt"/>
      <line num="28" count="2" type="cond" truecount="2" falsecount="0"/>
      <line num="29" count="1" type="stmt"/>
      <line num="31" count="1" type="stmt"/>
      <line num="37" count="1" type="stmt"/>
      <line num="38" count="2" type="cond" truecount="2" falsecount="0"/>
      <line num="39" count="2" type="stmt"/>
      <line num="40" count="2" type="stmt"/>
      <line num="41" count="19" type="stmt"/>
      <line num="43" count="2" type="stmt"/>
      <line num="48" count="1" type="stmt"/>
      <line num="49" count="1" type="stmt"/>
    </file>
  </project>
</coverage>
