{"C:\\Users\\Karen\\Desktop\\Week_12_QA\\functions.js": {"path":"C:\\Users\\Karen\\Desktop\\Week_12_QA\\functions.js","statementMap":{"0":{"start":{"line":3,"column":14},"end":{"line":5,"column":3}},"1":{"start":{"line":4,"column":4},"end":{"line":4,"column":16}},"2":{"start":{"line":9,"column":15},"end":{"line":11,"column":3}},"3":{"start":{"line":10,"column":4},"end":{"line":10,"column":31}},"4":{"start":{"line":15,"column":16},"end":{"line":17,"column":3}},"5":{"start":{"line":16,"column":4},"end":{"line":16,"column":33}},"6":{"start":{"line":21,"column":25},"end":{"line":23,"column":3}},"7":{"start":{"line":22,"column":4},"end":{"line":22,"column":29}},"8":{"start":{"line":27,"column":19},"end":{"line":33,"column":3}},"9":{"start":{"line":28,"column":4},"end":{"line":32,"column":5}},"10":{"start":{"line":29,"column":6},"end":{"line":29,"column":41}},"11":{"start":{"line":31,"column":6},"end":{"line":31,"column":33}},"12":{"start":{"line":37,"column":27},"end":{"line":44,"column":3}},"13":{"start":{"line":38,"column":3},"end":{"line":38,"column":55}},"14":{"start":{"line":38,"column":36},"end":{"line":38,"column":55}},"15":{"start":{"line":39,"column":15},"end":{"line":39,"column":17}},"16":{"start":{"line":40,"column":3},"end":{"line":42,"column":4}},"17":{"start":{"line":40,"column":16},"end":{"line":40,"column":17}},"18":{"start":{"line":41,"column":5},"end":{"line":41,"column":34}},"19":{"start":{"line":43,"column":2},"end":{"line":43,"column":14}},"20":{"start":{"line":48,"column":19},"end":{"line":50,"column":3}},"21":{"start":{"line":49,"column":4},"end":{"line":49,"column":36}},"22":{"start":{"line":54,"column":18},"end":{"line":59,"column":3}},"23":{"start":{"line":56,"column":6},"end":{"line":56,"column":19}},"24":{"start":{"line":58,"column":4},"end":{"line":58,"column":37}},"25":{"start":{"line":63,"column":19},"end":{"line":70,"column":3}},"26":{"start":{"line":64,"column":17},"end":{"line":64,"column":31}},"27":{"start":{"line":65,"column":19},"end":{"line":65,"column":46}},"28":{"start":{"line":66,"column":4},"end":{"line":68,"column":5}},"29":{"start":{"line":66,"column":17},"end":{"line":66,"column":18}},"30":{"start":{"line":67,"column":8},"end":{"line":67,"column":30}},"31":{"start":{"line":69,"column":4},"end":{"line":69,"column":18}}},"fnMap":{"0":{"name":"(anonymous_0)","decl":{"start":{"line":3,"column":14},"end":{"line":3,"column":15}},"loc":{"start":{"line":3,"column":25},"end":{"line":5,"column":3}},"line":3},"1":{"name":"(anonymous_1)","decl":{"start":{"line":9,"column":15},"end":{"line":9,"column":16}},"loc":{"start":{"line":9,"column":39},"end":{"line":11,"column":3}},"line":9},"2":{"name":"(anonymous_2)","decl":{"start":{"line":15,"column":16},"end":{"line":15,"column":17}},"loc":{"start":{"line":15,"column":42},"end":{"line":17,"column":3}},"line":15},"3":{"name":"(anonymous_3)","decl":{"start":{"line":21,"column":25},"end":{"line":21,"column":26}},"loc":{"start":{"line":21,"column":47},"end":{"line":23,"column":3}},"line":21},"4":{"name":"(anonymous_4)","decl":{"start":{"line":27,"column":19},"end":{"line":27,"column":20}},"loc":{"start":{"line":27,"column":43},"end":{"line":33,"column":3}},"line":27},"5":{"name":"(anonymous_5)","decl":{"start":{"line":37,"column":27},"end":{"line":37,"column":28}},"loc":{"start":{"line":37,"column":61},"end":{"line":44,"column":3}},"line":37},"6":{"name":"(anonymous_6)","decl":{"start":{"line":48,"column":19},"end":{"line":48,"column":20}},"loc":{"start":{"line":48,"column":40},"end":{"line":50,"column":3}},"line":48},"7":{"name":"(anonymous_7)","decl":{"start":{"line":54,"column":18},"end":{"line":54,"column":19}},"loc":{"start":{"line":54,"column":27},"end":{"line":59,"column":3}},"line":54},"8":{"name":"cuadrado","decl":{"start":{"line":55,"column":13},"end":{"line":55,"column":21}},"loc":{"start":{"line":55,"column":25},"end":{"line":57,"column":5}},"line":55},"9":{"name":"(anonymous_9)","decl":{"start":{"line":63,"column":19},"end":{"line":63,"column":20}},"loc":{"start":{"line":63,"column":41},"end":{"line":70,"column":3}},"line":63}},"branchMap":{"0":{"loc":{"start":{"line":28,"column":4},"end":{"line":32,"column":5}},"type":"if","locations":[{"start":{"line":28,"column":4},"end":{"line":32,"column":5}},{"start":{"line":28,"column":4},"end":{"line":32,"column":5}}],"line":28},"1":{"loc":{"start":{"line":38,"column":3},"end":{"line":38,"column":55}},"type":"if","locations":[{"start":{"line":38,"column":3},"end":{"line":38,"column":55}},{"start":{"line":38,"column":3},"end":{"line":38,"column":55}}],"line":38}},"s":{"0":1,"1":0,"2":1,"3":0,"4":1,"5":0,"6":1,"7":0,"8":1,"9":0,"10":0,"11":0,"12":1,"13":0,"14":0,"15":0,"16":0,"17":0,"18":0,"19":0,"20":1,"21":0,"22":1,"23":0,"24":0,"25":1,"26":0,"27":0,"28":0,"29":0,"30":0,"31":0},"f":{"0":0,"1":0,"2":0,"3":0,"4":0,"5":0,"6":0,"7":0,"8":0,"9":0},"b":{"0":[0,0],"1":[0,0]},"_coverageSchema":"1a1c01bbd47fc00a2c39e90264f33305004495a9","hash":"d9dd236513791ece2f5dd2818b1b9a286061fa7c"}
}
