TN:
SF:functions.js
FN:3,(anonymous_0)
FN:9,(anonymous_1)
FN:15,(anonymous_2)
FN:21,(anonymous_3)
FN:27,(anonymous_4)
FN:37,(anonymous_5)
FN:48,(anonymous_6)
FNF:7
FNH:7
FNDA:1,(anonymous_0)
FNDA:1,(anonymous_1)
FNDA:1,(anonymous_2)
FNDA:1,(anonymous_3)
FNDA:2,(anonymous_4)
FNDA:2,(anonymous_5)
FNDA:1,(anonymous_6)
DA:3,1
DA:4,1
DA:9,1
DA:10,1
DA:15,1
DA:16,1
DA:21,1
DA:22,1
DA:27,1
DA:28,2
DA:29,1
DA:31,1
DA:37,1
DA:38,2
DA:39,2
DA:40,2
DA:41,19
DA:43,2
DA:48,1
DA:49,1
LF:20
LH:20
BRDA:28,0,0,1
BRDA:28,0,1,1
BRDA:38,1,0,1
BRDA:38,1,1,1
BRF:4
BRH:4
end_of_record
